# JRE version: Java(TM) SE Runtime Environment (8.0_161-b12) (build 1.8.0_161-b12)
# Java VM: Java HotSpot(TM) 64-Bit Server VM (25.161-b12 mixed mode linux-amd64 compressed oops)
Heap:
 PSYoungGen      total 130560K, used 7670K [0x00000000ec200000, 0x00000000f4900000, 0x0000000100000000)
  eden space 122880K, 0% used [0x00000000ec200000,0x00000000ec200000,0x00000000f3a00000)
  from space 7680K, 99% used [0x00000000f3a00000,0x00000000f417d878,0x00000000f4180000)
  to   space 7680K, 0% used [0x00000000f4180000,0x00000000f4180000,0x00000000f4900000)
 ParOldGen       total 40960K, used 19710K [0x00000000c4600000, 0x00000000c6e00000, 0x00000000ec200000)
  object space 40960K, 48% used [0x00000000c4600000,0x00000000c593f848,0x00000000c6e00000)
 Metaspace       used 19615K, capacity 20158K, committed 20224K, reserved 1067008K
  class space    used 2367K, capacity 2507K, committed 2560K, reserved 1048576K
GC Heap History (10 events):
Event: 1,419 GC heap after
Heap after GC invocations=2 (full 0):
 PSYoungGen      total 33280K, used 2553K [0x00000000ec200000, 0x00000000ee500000, 0x0000000100000000)
  eden space 30720K, 0% used [0x00000000ec200000,0x00000000ec200000,0x00000000ee000000)
  from space 2560K, 99% used [0x00000000ee280000,0x00000000ee4fe410,0x00000000ee500000)
  to   space 2560K, 0% used [0x00000000ee000000,0x00000000ee000000,0x00000000ee280000)
 ParOldGen       total 40960K, used 781K [0x00000000c4600000, 0x00000000c6e00000, 0x00000000ec200000)
  object space 40960K, 1% used [0x00000000c4600000,0x00000000c46c34d0,0x00000000c6e00000)
 Metaspace       used 7692K, capacity 7918K, committed 7936K, reserved 1056768K
  class space    used 959K, capacity 1021K, committed 1024K, reserved 1048576K
}
Event: 2,048 GC heap before
{Heap before GC invocations=3 (full 0):
 PSYoungGen      total 33280K, used 33273K [0x00000000ec200000, 0x00000000ee500000, 0x0000000100000000)
  eden space 30720K, 100% used [0x00000000ec200000,0x00000000ee000000,0x00000000ee000000)
  from space 2560K, 99% used [0x00000000ee280000,0x00000000ee4fe410,0x00000000ee500000)
  to   space 2560K, 0% used [0x00000000ee000000,0x00000000ee000000,0x00000000ee280000)
 ParOldGen       total 40960K, used 781K [0x00000000c4600000, 0x00000000c6e00000, 0x00000000ec200000)
  object space 40960K, 1% used [0x00000000c4600000,0x00000000c46c34d0,0x00000000c6e00000)
 Metaspace       used 12461K, capacity 12846K, committed 12928K, reserved 1060864K
  class space    used 1538K, capacity 1656K, committed 1664K, reserved 1048576K
Event: 2,058 GC heap after
Heap after GC invocations=3 (full 0):
 PSYoungGen      total 33280K, used 2544K [0x00000000ec200000, 0x00000000f0300000, 0x0000000100000000)
  eden space 30720K, 0% used [0x00000000ec200000,0x00000000ec200000,0x00000000ee000000)
  from space 2560K, 99% used [0x00000000ee000000,0x00000000ee27c010,0x00000000ee280000)
  to   space 2560K, 0% used [0x00000000f0080000,0x00000000f0080000,0x00000000f0300000)
 ParOldGen       total 40960K, used 5044K [0x00000000c4600000, 0x00000000c6e00000, 0x00000000ec200000)
  object space 40960K, 12% used [0x00000000c4600000,0x00000000c4aed1d0,0x00000000c6e00000)
 Metaspace       used 12461K, capacity 12846K, committed 12928K, reserved 1060864K
  class space    used 1538K, capacity 1656K, committed 1664K, reserved 1048576K
}
Event: 2,797 GC heap before
{Heap before GC invocations=4 (full 0):
 PSYoungGen      total 33280K, used 33264K [0x00000000ec200000, 0x00000000f0300000, 0x0000000100000000)
  eden space 30720K, 100% used [0x00000000ec200000,0x00000000ee000000,0x00000000ee000000)
  from space 2560K, 99% used [0x00000000ee000000,0x00000000ee27c010,0x00000000ee280000)
  to   space 2560K, 0% used [0x00000000f0080000,0x00000000f0080000,0x00000000f0300000)
 ParOldGen       total 40960K, used 5044K [0x00000000c4600000, 0x00000000c6e00000, 0x00000000ec200000)
  object space 40960K, 12% used [0x00000000c4600000,0x00000000c4aed1d0,0x00000000c6e00000)
 Metaspace       used 13385K, capacity 13776K, committed 14080K, reserved 1060864K
  class space    used 1626K, capacity 1729K, committed 1792K, reserved 1048576K
Event: 2,811 GC heap after
Heap after GC invocations=4 (full 0):
 PSYoungGen      total 64000K, used 2560K [0x00000000ec200000, 0x00000000f0300000, 0x0000000100000000)
  eden space 61440K, 0% used [0x00000000ec200000,0x00000000ec200000,0x00000000efe00000)
  from space 2560K, 100% used [0x00000000f0080000,0x00000000f0300000,0x00000000f0300000)
  to   space 2560K, 0% used [0x00000000efe00000,0x00000000efe00000,0x00000000f0080000)
 ParOldGen       total 40960K, used 6573K [0x00000000c4600000, 0x00000000c6e00000, 0x00000000ec200000)
  object space 40960K, 16% used [0x00000000c4600000,0x00000000c4c6b600,0x00000000c6e00000)
 Metaspace       used 13385K, capacity 13776K, committed 14080K, reserved 1060864K
  class space    used 1626K, capacity 1729K, committed 1792K, reserved 1048576K
}
Event: 3,612 GC heap before
{Heap before GC invocations=5 (full 0):
 PSYoungGen      total 64000K, used 64000K [0x00000000ec200000, 0x00000000f0300000, 0x0000000100000000)
  eden space 61440K, 100% used [0x00000000ec200000,0x00000000efe00000,0x00000000efe00000)
  from space 2560K, 100% used [0x00000000f0080000,0x00000000f0300000,0x00000000f0300000)
  to   space 2560K, 0% used [0x00000000efe00000,0x00000000efe00000,0x00000000f0080000)
 ParOldGen       total 40960K, used 6573K [0x00000000c4600000, 0x00000000c6e00000, 0x00000000ec200000)
  object space 40960K, 16% used [0x00000000c4600000,0x00000000c4c6b600,0x00000000c6e00000)
 Metaspace       used 13621K, capacity 14002K, committed 14080K, reserved 1060864K
  class space    used 1645K, capacity 1763K, committed 1792K, reserved 1048576K
Event: 3,642 GC heap after
Heap after GC invocations=5 (full 0):
 PSYoungGen      total 64000K, used 2544K [0x00000000ec200000, 0x00000000f4900000, 0x0000000100000000)
  eden space 61440K, 0% used [0x00000000ec200000,0x00000000ec200000,0x00000000efe00000)
  from space 2560K, 99% used [0x00000000efe00000,0x00000000f007c010,0x00000000f0080000)
  to   space 7680K, 0% used [0x00000000f4180000,0x00000000f4180000,0x00000000f4900000)
 ParOldGen       total 40960K, used 10459K [0x00000000c4600000, 0x00000000c6e00000, 0x00000000ec200000)
  object space 40960K, 25% used [0x00000000c4600000,0x00000000c5036c68,0x00000000c6e00000)
 Metaspace       used 13621K, capacity 14002K, committed 14080K, reserved 1060864K
  class space    used 1645K, capacity 1763K, committed 1792K, reserved 1048576K
}
Event: 4,477 GC heap before
{Heap before GC invocations=6 (full 0):
 PSYoungGen      total 64000K, used 63984K [0x00000000ec200000, 0x00000000f4900000, 0x0000000100000000)
  eden space 61440K, 100% used [0x00000000ec200000,0x00000000efe00000,0x00000000efe00000)
  from space 2560K, 99% used [0x00000000efe00000,0x00000000f007c010,0x00000000f0080000)
  to   space 7680K, 0% used [0x00000000f4180000,0x00000000f4180000,0x00000000f4900000)
 ParOldGen       total 40960K, used 10459K [0x00000000c4600000, 0x00000000c6e00000, 0x00000000ec200000)
  object space 40960K, 25% used [0x00000000c4600000,0x00000000c5036c68,0x00000000c6e00000)
 Metaspace       used 13765K, capacity 14160K, committed 14336K, reserved 1062912K
  class space    used 1648K, capacity 1768K, committed 1792K, reserved 1048576K
Event: 4,532 GC heap after
Heap after GC invocations=6 (full 0):
 PSYoungGen      total 130560K, used 5552K [0x00000000ec200000, 0x00000000f4900000, 0x0000000100000000)
  eden space 122880K, 0% used [0x00000000ec200000,0x00000000ec200000,0x00000000f3a00000)
  from space 7680K, 72% used [0x00000000f4180000,0x00000000f46ec010,0x00000000f4900000)
  to   space 7680K, 0% used [0x00000000f3a00000,0x00000000f3a00000,0x00000000f4180000)
 ParOldGen       total 40960K, used 10467K [0x00000000c4600000, 0x00000000c6e00000, 0x00000000ec200000)
  object space 40960K, 25% used [0x00000000c4600000,0x00000000c5038c68,0x00000000c6e00000)
 Metaspace       used 13765K, capacity 14160K, committed 14336K, reserved 1062912K
  class space    used 1648K, capacity 1768K, committed 1792K, reserved 1048576K
}
Event: 9,607 GC heap before
{Heap before GC invocations=7 (full 0):
 PSYoungGen      total 130560K, used 128432K [0x00000000ec200000, 0x00000000f4900000, 0x0000000100000000)
  eden space 122880K, 100% used [0x00000000ec200000,0x00000000f3a00000,0x00000000f3a00000)
  from space 7680K, 72% used [0x00000000f4180000,0x00000000f46ec010,0x00000000f4900000)
  to   space 7680K, 0% used [0x00000000f3a00000,0x00000000f3a00000,0x00000000f4180000)
 ParOldGen       total 40960K, used 10467K [0x00000000c4600000, 0x00000000c6e00000, 0x00000000ec200000)
  object space 40960K, 25% used [0x00000000c4600000,0x00000000c5038c68,0x00000000c6e00000)
 Metaspace       used 19615K, capacity 20158K, committed 20224K, reserved 1067008K
  class space    used 2367K, capacity 2507K, committed 2560K, reserved 1048576K

